#
# There is insufficient memory for the Java Runtime Environment to continue.
# Native memory allocation (malloc) failed to allocate 1567776 bytes for Chunk::new
# Possible reasons:
#   The system is out of physical RAM or swap space
#   In 32 bit mode, the process size limit was hit
# Possible solutions:
#   Reduce memory load on the system
#   Increase physical memory or swap space
#   Check if swap backing store is full
#   Use 64 bit Java on a 64 bit OS
#   Decrease Java heap size (-Xmx/-Xms)
#   Decrease number of Java threads
#   Decrease Java thread stack sizes (-Xss)
#   Set larger code cache with -XX:ReservedCodeCacheSize=
# This output file may be truncated or incomplete.
#
#  Out of Memory Error (allocation.cpp:390), pid=6748, tid=5036
#
# JRE version: Java(TM) SE Runtime Environment (8.0_51-b16) (build 1.8.0_51-b16)
# Java VM: Java HotSpot(TM) 64-Bit Server VM (25.51-b03 mixed mode windows-amd64 compressed oops)
# Failed to write core dump. Minidumps are not enabled by default on client versions of Windows
#

---------------  T H R E A D  ---------------

Current thread (0x0000000054e99800):  JavaThread "C2 CompilerThread0" daemon [_thread_in_native, id=5036, stack(0x0000000055f40000,0x0000000056040000)]

Stack: [0x0000000055f40000,0x0000000056040000]
Native frames: (J=compiled Java code, j=interpreted, Vv=VM code, C=native code)
V  [jvm.dll+0x32b4ca]
V  [jvm.dll+0x2797e3]
V  [jvm.dll+0x27a479]
V  [jvm.dll+0x271765]
V  [jvm.dll+0xcba02]
V  [jvm.dll+0xcbecc]
V  [jvm.dll+0x476f72]
V  [jvm.dll+0x4b95ff]
V  [jvm.dll+0x46b9bf]
V  [jvm.dll+0x46cd4e]
V  [jvm.dll+0x4501a2]
V  [jvm.dll+0xa43a2]
V  [jvm.dll+0xa4cdf]
V  [jvm.dll+0x2418a4]
V  [jvm.dll+0x29846a]
C  [msvcr100.dll+0x21d9f]
C  [msvcr100.dll+0x21e3b]
C  [kernel32.dll+0x1652d]
C  [ntdll.dll+0x2c541]


Current CompileTask:
C2:  30229 1979   !   4       com.android.dx.cf.code.Ropper::processBlock (1101 bytes)


---------------  P R O C E S S  ---------------

Java Threads: ( => current thread )
  0x0000000054ea4000 JavaThread "Service Thread" daemon [_thread_blocked, id=6448, stack(0x0000000056340000,0x0000000056440000)]
  0x0000000054e9d800 JavaThread "C1 CompilerThread1" daemon [_thread_blocked, id=2932, stack(0x0000000056050000,0x0000000056150000)]
=>0x0000000054e99800 JavaThread "C2 CompilerThread0" daemon [_thread_in_native, id=5036, stack(0x0000000055f40000,0x0000000056040000)]
  0x0000000054e98000 JavaThread "Attach Listener" daemon [_thread_blocked, id=2800, stack(0x00000000559e0000,0x0000000055ae0000)]
  0x0000000054e96800 JavaThread "Signal Dispatcher" daemon [_thread_blocked, id=6856, stack(0x0000000055e40000,0x0000000055f40000)]
  0x0000000054e35000 JavaThread "Finalizer" daemon [_thread_blocked, id=5900, stack(0x0000000055cc0000,0x0000000055dc0000)]
  0x0000000054e31800 JavaThread "Reference Handler" daemon [_thread_blocked, id=6908, stack(0x0000000055b90000,0x0000000055c90000)]
  0x000000000038e000 JavaThread "main" [_thread_in_native, id=6924, stack(0x0000000002650000,0x0000000002750000)]

Other Threads:
  0x0000000054e2e000 VMThread [stack: 0x00000000558d0000,0x00000000559d0000] [id=3804]
  0x0000000054ea7000 WatcherThread [stack: 0x0000000056470000,0x0000000056570000] [id=6508]

VM state:not at safepoint (normal execution)

VM Mutex/Monitor currently owned by a thread: None

Heap:
 PSYoungGen      total 141312K, used 33305K [0x00000000eab00000, 0x00000000f7b80000, 0x0000000100000000)
  eden space 109568K, 30% used [0x00000000eab00000,0x00000000ecb86488,0x00000000f1600000)
  from space 31744K, 0% used [0x00000000f1600000,0x00000000f1600000,0x00000000f3500000)
  to   space 32768K, 0% used [0x00000000f5b80000,0x00000000f5b80000,0x00000000f7b80000)
 ParOldGen       total 126464K, used 71177K [0x00000000c0000000, 0x00000000c7b80000, 0x00000000eab00000)
  object space 126464K, 56% used [0x00000000c0000000,0x00000000c45826e0,0x00000000c7b80000)
 Metaspace       used 7169K, capacity 7768K, committed 7936K, reserved 1058816K
  class space    used 663K, capacity 720K, committed 768K, reserved 1048576K

Card table byte_map: [0x0000000011de0000,0x0000000011ff0000] byte_map_base: 0x00000000117e0000

Marking Bits: (ParMarkBitMap*) 0x000000005f194040
 Begin Bits: [0x0000000012300000, 0x0000000013300000)
 End Bits:   [0x0000000013300000, 0x0000000014300000)

Polling page: 0x0000000000140000

CodeCache: size=245760Kb used=8714Kb max_used=10973Kb free=237045Kb
 bounds [0x0000000002a20000, 0x00000000034e0000, 0x0000000011a20000]
 total_blobs=2627 nmethods=2350 adapters=189
 compilation: enabled

Compilation events (10 events):
Event: 20.598 Thread 0x0000000054e9d800 2331       2       java.util.DualPivotQuicksort::sort (614 bytes)
Event: 20.599 Thread 0x0000000054e9d800 nmethod 2331 0x00000000033dab50 code [0x00000000033dada0, 0x00000000033dbaf8]
Event: 20.784 Thread 0x0000000054e9d800 2332 %     3       com.android.dx.cf.iface.StdAttributeList::findNext @ 7 (85 bytes)
Event: 20.786 Thread 0x0000000054e9d800 nmethod 2332% 0x00000000033dced0 code [0x00000000033dd0c0, 0x00000000033ddd08]
Event: 20.786 Thread 0x0000000054e9d800 2333       3       com.android.dx.cf.iface.StdAttributeList::findNext (85 bytes)
Event: 20.786 Thread 0x0000000054e9d800 nmethod 2333 0x00000000033de110 code [0x00000000033de300, 0x00000000033deec8]
Event: 20.865 Thread 0x0000000054e9d800 2334       2       com.android.dx.rop.code.Rops::opIfLe (13 bytes)
Event: 20.865 Thread 0x0000000054e9d800 nmethod 2334 0x00000000033df290 code [0x00000000033df400, 0x00000000033df588]
Event: 20.879 Thread 0x0000000054e9d800 2335   !   2       com.android.dx.cf.code.ExecutionStack::change (116 bytes)
Event: 20.880 Thread 0x0000000054e9d800 nmethod 2335 0x00000000033df610 code [0x00000000033df8a0, 0x00000000033e02f8]

GC Heap History (10 events):
Event: 9.547 GC heap before
{Heap before GC invocations=5 (full 0):
 PSYoungGen      total 66048K, used 66033K [0x00000000eab00000, 0x00000000eee00000, 0x0000000100000000)
  eden space 63488K, 100% used [0x00000000eab00000,0x00000000ee900000,0x00000000ee900000)
  from space 2560K, 99% used [0x00000000eeb80000,0x00000000eedfc5c0,0x00000000eee00000)
  to   space 2560K, 0% used [0x00000000ee900000,0x00000000ee900000,0x00000000eeb80000)
 ParOldGen       total 42496K, used 10984K [0x00000000c0000000, 0x00000000c2980000, 0x00000000eab00000)
  object space 42496K, 25% used [0x00000000c0000000,0x00000000c0aba390,0x00000000c2980000)
 Metaspace       used 6196K, capacity 7088K, committed 7296K, reserved 1056768K
  class space    used 595K, capacity 616K, committed 640K, reserved 1048576K
Event: 9.675 GC heap after
Heap after GC invocations=5 (full 0):
 PSYoungGen      total 66048K, used 2530K [0x00000000eab00000, 0x00000000f4300000, 0x0000000100000000)
  eden space 63488K, 0% used [0x00000000eab00000,0x00000000eab00000,0x00000000ee900000)
  from space 2560K, 98% used [0x00000000ee900000,0x00000000eeb78b38,0x00000000eeb80000)
  to   space 14336K, 0% used [0x00000000f3500000,0x00000000f3500000,0x00000000f4300000)
 ParOldGen       total 42496K, used 21048K [0x00000000c0000000, 0x00000000c2980000, 0x00000000eab00000)
  object space 42496K, 49% used [0x00000000c0000000,0x00000000c148e018,0x00000000c2980000)
 Metaspace       used 6196K, capacity 7088K, committed 7296K, reserved 1056768K
  class space    used 595K, capacity 616K, committed 640K, reserved 1048576K
}
Event: 14.897 GC heap before
{Heap before GC invocations=6 (full 0):
 PSYoungGen      total 66048K, used 66018K [0x00000000eab00000, 0x00000000f4300000, 0x0000000100000000)
  eden space 63488K, 100% used [0x00000000eab00000,0x00000000ee900000,0x00000000ee900000)
  from space 2560K, 98% used [0x00000000ee900000,0x00000000eeb78b38,0x00000000eeb80000)
  to   space 14336K, 0% used [0x00000000f3500000,0x00000000f3500000,0x00000000f4300000)
 ParOldGen       total 42496K, used 21048K [0x00000000c0000000, 0x00000000c2980000, 0x00000000eab00000)
  object space 42496K, 49% used [0x00000000c0000000,0x00000000c148e018,0x00000000c2980000)
 Metaspace       used 6341K, capacity 7216K, committed 7296K, reserved 1056768K
  class space    used 595K, capacity 616K, committed 640K, reserved 1048576K
Event: 15.040 GC heap after
Heap after GC invocations=6 (full 0):
 PSYoungGen      total 138752K, used 12979K [0x00000000eab00000, 0x00000000f4800000, 0x0000000100000000)
  eden space 124416K, 0% used [0x00000000eab00000,0x00000000eab00000,0x00000000f2480000)
  from space 14336K, 90% used [0x00000000f3500000,0x00000000f41acd38,0x00000000f4300000)
  to   space 16896K, 0% used [0x00000000f2480000,0x00000000f2480000,0x00000000f3500000)
 ParOldGen       total 42496K, used 21048K [0x00000000c0000000, 0x00000000c2980000, 0x00000000eab00000)
  object space 42496K, 49% used [0x00000000c0000000,0x00000000c148e018,0x00000000c2980000)
 Metaspace       used 6341K, capacity 7216K, committed 7296K, reserved 1056768K
  class space    used 595K, capacity 616K, committed 640K, reserved 1048576K
}
Event: 17.816 GC heap before
{Heap before GC invocations=7 (full 0):
 PSYoungGen      total 138752K, used 137395K [0x00000000eab00000, 0x00000000f4800000, 0x0000000100000000)
  eden space 124416K, 100% used [0x00000000eab00000,0x00000000f2480000,0x00000000f2480000)
  from space 14336K, 90% used [0x00000000f3500000,0x00000000f41acd38,0x00000000f4300000)
  to   space 16896K, 0% used [0x00000000f2480000,0x00000000f2480000,0x00000000f3500000)
 ParOldGen       total 42496K, used 21048K [0x00000000c0000000, 0x00000000c2980000, 0x00000000eab00000)
  object space 42496K, 49% used [0x00000000c0000000,0x00000000c148e018,0x00000000c2980000)
 Metaspace       used 6452K, capacity 7256K, committed 7424K, reserved 1056768K
  class space    used 615K, capacity 656K, committed 768K, reserved 1048576K
Event: 18.341 GC heap after
Heap after GC invocations=7 (full 0):
 PSYoungGen      total 141312K, used 16867K [0x00000000eab00000, 0x00000000f4800000, 0x0000000100000000)
  eden space 124416K, 0% used [0x00000000eab00000,0x00000000eab00000,0x00000000f2480000)
  from space 16896K, 99% used [0x00000000f2480000,0x00000000f34f8e88,0x00000000f3500000)
  to   space 14336K, 0% used [0x00000000f3500000,0x00000000f3500000,0x00000000f4300000)
 ParOldGen       total 42496K, used 35177K [0x00000000c0000000, 0x00000000c2980000, 0x00000000eab00000)
  object space 42496K, 82% used [0x00000000c0000000,0x00000000c225a4d8,0x00000000c2980000)
 Metaspace       used 6452K, capacity 7256K, committed 7424K, reserved 1056768K
  class space    used 615K, capacity 656K, committed 768K, reserved 1048576K
}
Event: 18.341 GC heap before
{Heap before GC invocations=8 (full 1):
 PSYoungGen      total 141312K, used 16867K [0x00000000eab00000, 0x00000000f4800000, 0x0000000100000000)
  eden space 124416K, 0% used [0x00000000eab00000,0x00000000eab00000,0x00000000f2480000)
  from space 16896K, 99% used [0x00000000f2480000,0x00000000f34f8e88,0x00000000f3500000)
  to   space 14336K, 0% used [0x00000000f3500000,0x00000000f3500000,0x00000000f4300000)
 ParOldGen       total 42496K, used 35177K [0x00000000c0000000, 0x00000000c2980000, 0x00000000eab00000)
  object space 42496K, 82% used [0x00000000c0000000,0x00000000c225a4d8,0x00000000c2980000)
 Metaspace       used 6452K, capacity 7256K, committed 7424K, reserved 1056768K
  class space    used 615K, capacity 656K, committed 768K, reserved 1048576K
Event: 19.531 GC heap after
Heap after GC invocations=8 (full 1):
 PSYoungGen      total 141312K, used 7630K [0x00000000eab00000, 0x00000000f4800000, 0x0000000100000000)
  eden space 124416K, 0% used [0x00000000eab00000,0x00000000eab00000,0x00000000f2480000)
  from space 16896K, 45% used [0x00000000f2480000,0x00000000f2bf3bd8,0x00000000f3500000)
  to   space 14336K, 0% used [0x00000000f3500000,0x00000000f3500000,0x00000000f4300000)
 ParOldGen       total 79360K, used 42107K [0x00000000c0000000, 0x00000000c4d80000, 0x00000000eab00000)
  object space 79360K, 53% used [0x00000000c0000000,0x00000000c291ed78,0x00000000c4d80000)
 Metaspace       used 6452K, capacity 7256K, committed 7424K, reserved 1056768K
  class space    used 615K, capacity 656K, committed 768K, reserved 1048576K
}
Event: 20.357 GC heap before
{Heap before GC invocations=9 (full 1):
 PSYoungGen      total 141312K, used 132046K [0x00000000eab00000, 0x00000000f4800000, 0x0000000100000000)
  eden space 124416K, 100% used [0x00000000eab00000,0x00000000f2480000,0x00000000f2480000)
  from space 16896K, 45% used [0x00000000f2480000,0x00000000f2bf3bd8,0x00000000f3500000)
  to   space 14336K, 0% used [0x00000000f3500000,0x00000000f3500000,0x00000000f4300000)
 ParOldGen       total 79360K, used 42107K [0x00000000c0000000, 0x00000000c4d80000, 0x00000000eab00000)
  object space 79360K, 53% used [0x00000000c0000000,0x00000000c291ed78,0x00000000c4d80000)
 Metaspace       used 6462K, capacity 7256K, committed 7424K, reserved 1056768K
  class space    used 615K, capacity 656K, committed 768K, reserved 1048576K
Event: 20.488 GC heap after
Heap after GC invocations=9 (full 1):
 PSYoungGen      total 123904K, used 14323K [0x00000000eab00000, 0x00000000fa800000, 0x0000000100000000)
  eden space 109568K, 0% used [0x00000000eab00000,0x00000000eab00000,0x00000000f1600000)
  from space 14336K, 99% used [0x00000000f3500000,0x00000000f42fcfe8,0x00000000f4300000)
  to   space 31744K, 0% used [0x00000000f1600000,0x00000000f1600000,0x00000000f3500000)
 ParOldGen       total 79360K, used 52782K [0x00000000c0000000, 0x00000000c4d80000, 0x00000000eab00000)
  object space 79360K, 66% used [0x00000000c0000000,0x00000000c338b848,0x00000000c4d80000)
 Metaspace       used 6462K, capacity 7256K, committed 7424K, reserved 1056768K
  class space    used 615K, capacity 656K, committed 768K, reserved 1048576K
}

Deoptimization events (10 events):
Event: 12.905 Thread 0x0000000056859000 Uncommon trap: reason=bimorphic action=maybe_recompile pc=0x0000000002ff4ff0 method=com.android.dx.ssa.LiteralOpUpgrader.tryReplacingWithConstant(Lcom/android/dx/ssa/NormalSsaInsn;)Z @ 52
Event: 13.276 Thread 0x0000000056859000 Uncommon trap: reason=bimorphic action=maybe_recompile pc=0x0000000002ff4ff0 method=com.android.dx.ssa.LiteralOpUpgrader.tryReplacingWithConstant(Lcom/android/dx/ssa/NormalSsaInsn;)Z @ 52
Event: 13.705 Thread 0x000000000038e000 Uncommon trap: reason=unloaded action=reinterpret pc=0x00000000032c929c method=com.android.dx.cf.cst.ConstantPoolParser.parse0(ILjava/util/BitSet;)Lcom/android/dx/rop/cst/Constant; @ 220
Event: 13.723 Thread 0x0000000056859000 Uncommon trap: reason=unstable_if action=reinterpret pc=0x00000000032a1bac method=com.android.dx.ssa.SCCP.simulateStmt(Lcom/android/dx/ssa/SsaInsn;)V @ 53
Event: 13.731 Thread 0x0000000056859000 Uncommon trap: reason=class_check action=maybe_recompile pc=0x0000000002df57b0 method=java.util.HashMap.putVal(ILjava/lang/Object;Ljava/lang/Object;ZZ)Ljava/lang/Object; @ 203
Event: 15.057 Thread 0x0000000056787000 Uncommon trap: reason=unstable_if action=reinterpret pc=0x0000000002ee8604 method=com.android.dx.rop.code.LocalItem.compareHandlesNulls(Lcom/android/dx/rop/cst/CstString;Lcom/android/dx/rop/cst/CstString;)I @ 14
Event: 15.470 Thread 0x0000000056787000 Uncommon trap: reason=unstable_if action=reinterpret pc=0x0000000002e13624 method=java.util.HashMap.putVal(ILjava/lang/Object;Ljava/lang/Object;ZZ)Ljava/lang/Object; @ 162
Event: 17.134 Thread 0x0000000056787000 Uncommon trap: reason=unstable_if action=reinterpret pc=0x000000000326ab44 method=java.util.HashMap.getNode(ILjava/lang/Object;)Ljava/util/HashMap$Node; @ 84
Event: 17.254 Thread 0x00000000567ed800 Uncommon trap: reason=unstable_if action=reinterpret pc=0x0000000002fb38f0 method=com.android.dx.ssa.MoveParamCombiner$1.visitNonMoveInsn(Lcom/android/dx/ssa/NormalSsaInsn;)V @ 27
Event: 20.565 Thread 0x000000005685b000 Uncommon trap: reason=unstable_if action=reinterpret pc=0x0000000003041728 method=java.util.HashMap.resize()[Ljava/util/HashMap$Node; @ 206

Internal exceptions (9 events):
Event: 0.424 Thread 0x000000000038e000 Exception <a 'java/lang/NoSuchMethodError': Method sun.misc.Unsafe.defineClass(Ljava/lang/String;[BII)Ljava/lang/Class; name or signature does not match> (0x00000000eab12f00) thrown at [C:\re\workspace\8-2-build-windows-amd64-cygwin\jdk8u51\3951\hotspot\srŒ8ðO*Û?
Event: 0.424 Thread 0x000000000038e000 Exception <a 'java/lang/NoSuchMethodError': Method sun.misc.Unsafe.prefetchRead(Ljava/lang/Object;J)V name or signature does not match> (0x00000000eab13190) thrown at [C:\re\workspace\8-2-build-windows-amd64-cygwin\jdk8u51\3951\hotspot\src\share\vm\prims\jOm•×úÆ@
Event: 3.472 Thread 0x000000000038e000 Implicit null exception at 0x0000000002dba29b to 0x0000000002dbc611
Event: 3.472 Thread 0x000000000038e000 Implicit null exception at 0x0000000002dcde04 to 0x0000000002dcff95
Event: 3.843 Thread 0x0000000056787000 Implicit null exception at 0x0000000002e52292 to 0x0000000002e52391
Event: 15.057 Thread 0x0000000056787000 Implicit null exception at 0x0000000002ee8480 to 0x0000000002ee85f1
Event: 16.010 Thread 0x0000000056787000 Exception <a 'java/lang/ArrayIndexOutOfBoundsException': 18> (0x00000000ee4f4000) thrown at [C:\re\workspace\8-2-build-windows-amd64-cygwin\jdk8u51\3951\hotspot\src\share\vm\interpreter\interpreterRuntime.cpp, line 366]
Event: 16.011 Thread 0x0000000056787000 Exception <a 'java/lang/ArrayIndexOutOfBoundsException': 145> (0x00000000ee4f5ad0) thrown at [C:\re\workspace\8-2-build-windows-amd64-cygwin\jdk8u51\3951\hotspot\src\share\vm\interpreter\interpreterRuntime.cpp, line 366]
Event: 17.116 Thread 0x0000000056787000 Exception <a 'java/lang/ArrayIndexOutOfBoundsException'> (0x00000000ee4f6d08) thrown at [C:\re\workspace\8-2-build-windows-amd64-cygwin\jdk8u51\3951\hotspot\src\share\vm\runtime\sharedRuntime.cpp, line 605]

Events (10 events):
Event: 21.082 loading class java/util/HashMap$KeySet done
Event: 21.083 loading class java/util/HashMap$KeyIterator
Event: 21.083 loading class java/util/HashMap$KeyIterator done
Event: 21.083 Thread 0x0000000056787000 Thread exited: 0x0000000056787000
Event: 21.083 Thread 0x000000005685b000 Thread exited: 0x000000005685b000
Event: 21.083 Thread 0x00000000567ed800 Thread exited: 0x00000000567ed800
Event: 21.085 Thread 0x0000000056859000 Thread exited: 0x0000000056859000
Event: 21.086 Thread 0x0000000056788000 Thread exited: 0x0000000056788000
Event: 21.087 loading class java/util/TreeMap$KeySet
Event: 21.170 loading class java/util/NavigableSet


Dynamic libraries:
0x000000013f9e0000 - 0x000000013fa17000 	C:\Program Files\Java\jdk1.8.0_51\bin\java.exe
0x00000000779c0000 - 0x0000000077b69000 	C:\Windows\SYSTEM32\ntdll.dll
0x00000000778a0000 - 0x00000000779bf000 	C:\Windows\system32\kernel32.dll
0x000007fefdb50000 - 0x000007fefdbbb000 	C:\Windows\system32\KERNELBASE.dll
0x000007feffa90000 - 0x000007feffb6b000 	C:\Windows\system32\ADVAPI32.dll
0x000007fefeec0000 - 0x000007fefef5f000 	C:\Windows\system32\msvcrt.dll
0x000007fefeea0000 - 0x000007fefeebf000 	C:\Windows\SYSTEM32\sechost.dll
0x000007fefdc90000 - 0x000007fefddbd000 	C:\Windows\system32\RPCRT4.dll
0x00000000777a0000 - 0x000000007789a000 	C:\Windows\system32\USER32.dll
0x000007fefdee0000 - 0x000007fefdf47000 	C:\Windows\system32\GDI32.dll
0x000007fefedb0000 - 0x000007fefedbe000 	C:\Windows\system32\LPK.dll
0x000007fefdf50000 - 0x000007fefe019000 	C:\Windows\system32\USP10.dll
0x000007fefc6d0000 - 0x000007fefc8c4000 	C:\Windows\WinSxS\amd64_microsoft.windows.common-controls_6595b64144ccf1df_6.0.7601.17514_none_fa396087175ac9ac\COMCTL32.dll
0x000007feff690000 - 0x000007feff701000 	C:\Windows\system32\SHLWAPI.dll
0x000007feffa60000 - 0x000007feffa8e000 	C:\Windows\system32\IMM32.DLL
0x000007fefddc0000 - 0x000007fefdec9000 	C:\Windows\system32\MSCTF.dll
0x0000000075480000 - 0x0000000075552000 	C:\Program Files\Java\jdk1.8.0_51\jre\bin\msvcr100.dll
0x000000005e990000 - 0x000000005f213000 	C:\Program Files\Java\jdk1.8.0_51\jre\bin\server\jvm.dll
0x000007feface0000 - 0x000007feface9000 	C:\Windows\system32\WSOCK32.dll
0x000007feff640000 - 0x000007feff68d000 	C:\Windows\system32\WS2_32.dll
0x000007fefded0000 - 0x000007fefded8000 	C:\Windows\system32\NSI.dll
0x000007fefaee0000 - 0x000007fefaf1b000 	C:\Windows\system32\WINMM.dll
0x000007fefc650000 - 0x000007fefc65c000 	C:\Windows\system32\VERSION.dll
0x0000000077b80000 - 0x0000000077b87000 	C:\Windows\system32\PSAPI.DLL
0x0000000075470000 - 0x000000007547f000 	C:\Program Files\Java\jdk1.8.0_51\jre\bin\verify.dll
0x0000000075440000 - 0x0000000075469000 	C:\Program Files\Java\jdk1.8.0_51\jre\bin\java.dll
0x00000000753c0000 - 0x00000000753d6000 	C:\Program Files\Java\jdk1.8.0_51\jre\bin\zip.dll
0x000007fefe020000 - 0x000007fefeda8000 	C:\Windows\system32\SHELL32.dll
0x000007fefef60000 - 0x000007feff163000 	C:\Windows\system32\ole32.dll
0x000007fefd7a0000 - 0x000007fefd7af000 	C:\Windows\system32\profapi.dll
0x000007fef6150000 - 0x000007fef6275000 	C:\Windows\system32\dbghelp.dll

VM Arguments:
jvm_args: -Djava.awt.headless=true -Xmx1024M -Dfile.encoding=windows-1251 -Duser.country=RU -Duser.language=ru -Duser.variant 
java_command: com.android.dx.command.Main --dex --force-jumbo --num-threads=4 --output C:\Users\user\AndroidStudioProjects\Talents\app\build\intermediates\pre-dexed\debug\com.android.support-support-v4-23.4.0_80f6fd3626367c3ad75a14daddd15e12ef00d06e.jar C:\Users\user\AndroidStudioProjects\Talents\app\build\intermediates\exploded-aar\com.android.support\support-v4\23.4.0\jars\classes.jar
java_class_path (initial): C:\Users\user\AppData\Local\Android\sdk\build-tools\24.0.0\lib\dx.jar
Launcher Type: SUN_STANDARD

Environment Variables:
PATH=C:\ProgramData\Oracle\Java\javapath;C:\Program Files\Java\jdk1.8.0_101\bin;C:\Program Files (x86)\Intel\OpenCL SDK\2.0\bin\x86;C:\Program Files (x86)\Intel\OpenCL SDK\2.0\bin\x64;C:\Program Files\Git\cmd;C:\Users\Public\Documents\RAD Studio\7.0\Bpl
USERNAME=user
OS=Windows_NT
PROCESSOR_IDENTIFIER=Intel64 Family 6 Model 42 Stepping 7, GenuineIntel



---------------  S Y S T E M  ---------------

OS: Windows 7 , 64 bit Build 7601 (6.1.7601.18229)

CPU:total 2 (2 cores per cpu, 1 threads per core) family 6 model 42 stepping 7, cmov, cx8, fxsr, mmx, sse, sse2, sse3, ssse3, sse4.1, sse4.2, popcnt, clmul, tsc, tscinvbit

Memory: 4k page, physical 4026736k(178072k free), swap 6072872k(160600k free)

vm_info: Java HotSpot(TM) 64-Bit Server VM (25.51-b03) for windows-amd64 JRE (1.8.0_51-b16), built on Jun  8 2015 18:03:07 by "java_re" with MS VC++ 10.0 (VS2010)

time: Sun Mar 19 14:55:17 2017
elapsed time: 30 seconds (0d 0h 0m 30s)

