#
# There is insufficient memory for the Java Runtime Environment to continue.
# Native memory allocation (malloc) failed to allocate 32744 bytes for ChunkPool::allocate
# Possible reasons:
#   The system is out of physical RAM or swap space
#   In 32 bit mode, the process size limit was hit
# Possible solutions:
#   Reduce memory load on the system
#   Increase physical memory or swap space
#   Check if swap backing store is full
#   Use 64 bit Java on a 64 bit OS
#   Decrease Java heap size (-Xmx/-Xms)
#   Decrease number of Java threads
#   Decrease Java thread stack sizes (-Xss)
#   Set larger code cache with -XX:ReservedCodeCacheSize=
# This output file may be truncated or incomplete.
#
#  Out of Memory Error (allocation.cpp:273), pid=6508, tid=6408
#
# JRE version: Java(TM) SE Runtime Environment (8.0_51-b16) (build 1.8.0_51-b16)
# Java VM: Java HotSpot(TM) 64-Bit Server VM (25.51-b03 mixed mode windows-amd64 compressed oops)
# Failed to write core dump. Minidumps are not enabled by default on client versions of Windows
#

---------------  T H R E A D  ---------------

Current thread (0x0000000054dc8800):  JavaThread "C2 CompilerThread0" daemon [_thread_in_native, id=6408, stack(0x0000000055e90000,0x0000000055f90000)]

Stack: [0x0000000055e90000,0x0000000055f90000]
Native frames: (J=compiled Java code, j=interpreted, Vv=VM code, C=native code)
V  [jvm.dll+0x32b4ca]
V  [jvm.dll+0x2797e3]
V  [jvm.dll+0x27a479]
V  [jvm.dll+0x271765]
V  [jvm.dll+0xcb824]
V  [jvm.dll+0xcba47]
V  [jvm.dll+0xcbecc]
V  [jvm.dll+0x446ec1]
V  [jvm.dll+0x509970]
V  [jvm.dll+0x45f892]
V  [jvm.dll+0x46a7cb]
V  [jvm.dll+0x46cde2]
V  [jvm.dll+0x4501a2]
V  [jvm.dll+0xa43a2]
V  [jvm.dll+0xa4cdf]
V  [jvm.dll+0x2418a4]
V  [jvm.dll+0x29846a]
C  [msvcr100.dll+0x21d9f]
C  [msvcr100.dll+0x21e3b]
C  [kernel32.dll+0x1652d]
C  [ntdll.dll+0x2c541]


Current CompileTask:
C2:   7018 1644   !   4       com.android.dx.cf.cst.ConstantPoolParser::parse0 (731 bytes)


---------------  P R O C E S S  ---------------

Java Threads: ( => current thread )
  0x0000000056396800 JavaThread "pool-1-thread-4" [_thread_in_vm, id=6680, stack(0x0000000056ce0000,0x0000000056de0000)]
  0x0000000056388800 JavaThread "pool-1-thread-3" [_thread_blocked, id=6716, stack(0x0000000056bc0000,0x0000000056cc0000)]
  0x0000000056387800 JavaThread "pool-1-thread-2" [_thread_blocked, id=6644, stack(0x0000000056a60000,0x0000000056b60000)]
  0x0000000056337000 JavaThread "pool-2-thread-1" [_thread_blocked, id=6236, stack(0x0000000056960000,0x0000000056a60000)]
  0x0000000056334000 JavaThread "pool-1-thread-1" [_thread_blocked, id=6436, stack(0x0000000056730000,0x0000000056830000)]
  0x00000000560f1000 JavaThread "Service Thread" daemon [_thread_blocked, id=6416, stack(0x0000000056510000,0x0000000056610000)]
  0x0000000054e26000 JavaThread "C1 CompilerThread1" daemon [_thread_in_vm, id=6404, stack(0x0000000055ff0000,0x00000000560f0000)]
=>0x0000000054dc8800 JavaThread "C2 CompilerThread0" daemon [_thread_in_native, id=6408, stack(0x0000000055e90000,0x0000000055f90000)]
  0x0000000054dc7000 JavaThread "Attach Listener" daemon [_thread_blocked, id=6240, stack(0x0000000055d70000,0x0000000055e70000)]
  0x0000000054dc5800 JavaThread "Signal Dispatcher" daemon [_thread_blocked, id=6420, stack(0x0000000055750000,0x0000000055850000)]
  0x0000000054d66000 JavaThread "Finalizer" daemon [_thread_blocked, id=6500, stack(0x0000000055bd0000,0x0000000055cd0000)]
  0x0000000054d64800 JavaThread "Reference Handler" daemon [_thread_blocked, id=6568, stack(0x00000000559e0000,0x0000000055ae0000)]
  0x000000000226e000 JavaThread "main" [_thread_blocked, id=6588, stack(0x00000000024e0000,0x00000000025e0000)]

Other Threads:
  0x0000000054d5d000 VMThread [stack: 0x00000000558a0000,0x00000000559a0000] [id=6604]
  0x00000000560f2000 WatcherThread [stack: 0x0000000056630000,0x0000000056730000] [id=6412]

VM state:synchronizing (normal execution)

VM Mutex/Monitor currently owned by a thread:  ([mutex/lock_event])
[0x000000000226c260] Threads_lock - owner thread: 0x0000000054d5d000
[0x000000000226c760] Heap_lock - owner thread: 0x0000000056387800

Heap:
 PSYoungGen      total 34304K, used 34273K [0x00000000eab00000, 0x00000000ecf00000, 0x0000000100000000)
  eden space 31744K, 100% used [0x00000000eab00000,0x00000000eca00000,0x00000000eca00000)
  from space 2560K, 98% used [0x00000000ecc80000,0x00000000ecef8698,0x00000000ecf00000)
  to   space 2560K, 0% used [0x00000000eca00000,0x00000000eca00000,0x00000000ecc80000)
 ParOldGen       total 42496K, used 12256K [0x00000000c0000000, 0x00000000c2980000, 0x00000000eab00000)
  object space 42496K, 28% used [0x00000000c0000000,0x00000000c0bf8028,0x00000000c2980000)
 Metaspace       used 6120K, capacity 7024K, committed 7296K, reserved 1056768K
  class space    used 594K, capacity 616K, committed 640K, reserved 1048576K

Card table byte_map: [0x0000000011c70000,0x0000000011e80000] byte_map_base: 0x0000000011670000

Marking Bits: (ParMarkBitMap*) 0x0000000061d74040
 Begin Bits: [0x0000000012230000, 0x0000000013230000)
 End Bits:   [0x0000000013230000, 0x0000000014230000)

Polling page: 0x0000000000430000

CodeCache: size=245760Kb used=6232Kb max_used=6232Kb free=239527Kb
 bounds [0x00000000028b0000, 0x0000000002ee0000, 0x00000000118b0000]
 total_blobs=1868 nmethods=1600 adapters=182
 compilation: enabled

Compilation events (10 events):
Event: 4.590 Thread 0x0000000054e26000 1645       3       java.util.concurrent.locks.AbstractQueuedSynchronizer$Node::predecessor (19 bytes)
Event: 4.590 Thread 0x0000000054e26000 nmethod 1645 0x0000000002e97150 code [0x0000000002e972c0, 0x0000000002e97508]
Event: 4.592 Thread 0x0000000054e26000 1650   !   3       com.android.dx.rop.code.BasicBlock::<init> (273 bytes)
Event: 4.595 Thread 0x0000000054e26000 nmethod 1650 0x0000000002eccad0 code [0x0000000002eccf40, 0x0000000002ecfb18]
Event: 4.595 Thread 0x0000000054e26000 1654       2       com.android.dx.rop.code.RegisterSpec::withType (13 bytes)
Event: 4.595 Thread 0x0000000054e26000 nmethod 1654 0x0000000002e96d90 code [0x0000000002e96f00, 0x0000000002e97088]
Event: 4.595 Thread 0x0000000054e26000 1651       3       com.android.dx.rop.code.ThrowingInsn::accept (8 bytes)
Event: 4.596 Thread 0x0000000054e26000 nmethod 1651 0x0000000002e96910 code [0x0000000002e96a80, 0x0000000002e96ca8]
Event: 4.596 Thread 0x0000000054e26000 1655       2       com.android.dx.ssa.PhiTypeResolver::equalsHandlesNulls (23 bytes)
Event: 4.596 Thread 0x0000000054e26000 nmethod 1655 0x0000000002e96490 code [0x0000000002e96600, 0x0000000002e96808]

GC Heap History (8 events):
Event: 1.281 GC heap before
{Heap before GC invocations=1 (full 0):
 PSYoungGen      total 18432K, used 15872K [0x00000000eab00000, 0x00000000ebf80000, 0x0000000100000000)
  eden space 15872K, 100% used [0x00000000eab00000,0x00000000eba80000,0x00000000eba80000)
  from space 2560K, 0% used [0x00000000ebd00000,0x00000000ebd00000,0x00000000ebf80000)
  to   space 2560K, 0% used [0x00000000eba80000,0x00000000eba80000,0x00000000ebd00000)
 ParOldGen       total 42496K, used 0K [0x00000000c0000000, 0x00000000c2980000, 0x00000000eab00000)
  object space 42496K, 0% used [0x00000000c0000000,0x00000000c0000000,0x00000000c2980000)
 Metaspace       used 5397K, capacity 6448K, committed 6528K, reserved 1056768K
  class space    used 588K, capacity 616K, committed 640K, reserved 1048576K
Event: 1.313 GC heap after
Heap after GC invocations=1 (full 0):
 PSYoungGen      total 18432K, used 2532K [0x00000000eab00000, 0x00000000ecf00000, 0x0000000100000000)
  eden space 15872K, 0% used [0x00000000eab00000,0x00000000eab00000,0x00000000eba80000)
  from space 2560K, 98% used [0x00000000eba80000,0x00000000ebcf9290,0x00000000ebd00000)
  to   space 2560K, 0% used [0x00000000ecc80000,0x00000000ecc80000,0x00000000ecf00000)
 ParOldGen       total 42496K, used 661K [0x00000000c0000000, 0x00000000c2980000, 0x00000000eab00000)
  object space 42496K, 1% used [0x00000000c0000000,0x00000000c00a5638,0x00000000c2980000)
 Metaspace       used 5397K, capacity 6448K, committed 6528K, reserved 1056768K
  class space    used 588K, capacity 616K, committed 640K, reserved 1048576K
}
Event: 2.417 GC heap before
{Heap before GC invocations=2 (full 0):
 PSYoungGen      total 18432K, used 18404K [0x00000000eab00000, 0x00000000ecf00000, 0x0000000100000000)
  eden space 15872K, 100% used [0x00000000eab00000,0x00000000eba80000,0x00000000eba80000)
  from space 2560K, 98% used [0x00000000eba80000,0x00000000ebcf9290,0x00000000ebd00000)
  to   space 2560K, 0% used [0x00000000ecc80000,0x00000000ecc80000,0x00000000ecf00000)
 ParOldGen       total 42496K, used 661K [0x00000000c0000000, 0x00000000c2980000, 0x00000000eab00000)
  object space 42496K, 1% used [0x00000000c0000000,0x00000000c00a5638,0x00000000c2980000)
 Metaspace       used 5971K, capacity 6896K, committed 7040K, reserved 1056768K
  class space    used 593K, capacity 616K, committed 640K, reserved 1048576K
Event: 2.635 GC heap after
Heap after GC invocations=2 (full 0):
 PSYoungGen      total 34304K, used 2544K [0x00000000eab00000, 0x00000000ecf00000, 0x0000000100000000)
  eden space 31744K, 0% used [0x00000000eab00000,0x00000000eab00000,0x00000000eca00000)
  from space 2560K, 99% used [0x00000000ecc80000,0x00000000ecefc028,0x00000000ecf00000)
  to   space 2560K, 0% used [0x00000000eca00000,0x00000000eca00000,0x00000000ecc80000)
 ParOldGen       total 42496K, used 2356K [0x00000000c0000000, 0x00000000c2980000, 0x00000000eab00000)
  object space 42496K, 5% used [0x00000000c0000000,0x00000000c024d050,0x00000000c2980000)
 Metaspace       used 5971K, capacity 6896K, committed 7040K, reserved 1056768K
  class space    used 593K, capacity 616K, committed 640K, reserved 1048576K
}
Event: 3.022 GC heap before
{Heap before GC invocations=3 (full 0):
 PSYoungGen      total 34304K, used 34288K [0x00000000eab00000, 0x00000000ecf00000, 0x0000000100000000)
  eden space 31744K, 100% used [0x00000000eab00000,0x00000000eca00000,0x00000000eca00000)
  from space 2560K, 99% used [0x00000000ecc80000,0x00000000ecefc028,0x00000000ecf00000)
  to   space 2560K, 0% used [0x00000000eca00000,0x00000000eca00000,0x00000000ecc80000)
 ParOldGen       total 42496K, used 2356K [0x00000000c0000000, 0x00000000c2980000, 0x00000000eab00000)
  object space 42496K, 5% used [0x00000000c0000000,0x00000000c024d050,0x00000000c2980000)
 Metaspace       used 6092K, capacity 7024K, committed 7296K, reserved 1056768K
  class space    used 593K, capacity 616K, committed 640K, reserved 1048576K
Event: 3.086 GC heap after
Heap after GC invocations=3 (full 0):
 PSYoungGen      total 34304K, used 2552K [0x00000000eab00000, 0x00000000ecf00000, 0x0000000100000000)
  eden space 31744K, 0% used [0x00000000eab00000,0x00000000eab00000,0x00000000eca00000)
  from space 2560K, 99% used [0x00000000eca00000,0x00000000ecc7e378,0x00000000ecc80000)
  to   space 2560K, 0% used [0x00000000ecc80000,0x00000000ecc80000,0x00000000ecf00000)
 ParOldGen       total 42496K, used 7610K [0x00000000c0000000, 0x00000000c2980000, 0x00000000eab00000)
  object space 42496K, 17% used [0x00000000c0000000,0x00000000c076ead0,0x00000000c2980000)
 Metaspace       used 6092K, capacity 7024K, committed 7296K, reserved 1056768K
  class space    used 593K, capacity 616K, committed 640K, reserved 1048576K
}
Event: 3.460 GC heap before
{Heap before GC invocations=4 (full 0):
 PSYoungGen      total 34304K, used 34296K [0x00000000eab00000, 0x00000000ecf00000, 0x0000000100000000)
  eden space 31744K, 100% used [0x00000000eab00000,0x00000000eca00000,0x00000000eca00000)
  from space 2560K, 99% used [0x00000000eca00000,0x00000000ecc7e378,0x00000000ecc80000)
  to   space 2560K, 0% used [0x00000000ecc80000,0x00000000ecc80000,0x00000000ecf00000)
 ParOldGen       total 42496K, used 7610K [0x00000000c0000000, 0x00000000c2980000, 0x00000000eab00000)
  object space 42496K, 17% used [0x00000000c0000000,0x00000000c076ead0,0x00000000c2980000)
 Metaspace       used 6094K, capacity 7024K, committed 7296K, reserved 1056768K
  class space    used 593K, capacity 616K, committed 640K, reserved 1048576K
Event: 3.645 GC heap after
Heap after GC invocations=4 (full 0):
 PSYoungGen      total 34304K, used 2529K [0x00000000eab00000, 0x00000000ecf00000, 0x0000000100000000)
  eden space 31744K, 0% used [0x00000000eab00000,0x00000000eab00000,0x00000000eca00000)
  from space 2560K, 98% used [0x00000000ecc80000,0x00000000ecef8698,0x00000000ecf00000)
  to   space 2560K, 0% used [0x00000000eca00000,0x00000000eca00000,0x00000000ecc80000)
 ParOldGen       total 42496K, used 12256K [0x00000000c0000000, 0x00000000c2980000, 0x00000000eab00000)
  object space 42496K, 28% used [0x00000000c0000000,0x00000000c0bf8028,0x00000000c2980000)
 Metaspace       used 6094K, capacity 7024K, committed 7296K, reserved 1056768K
  class space    used 593K, capacity 616K, committed 640K, reserved 1048576K
}

Deoptimization events (6 events):
Event: 0.787 Thread 0x000000000226e000 Uncommon trap: reason=unstable_if action=reinterpret pc=0x0000000002a10784 method=java.lang.String.compareTo(Ljava/lang/String;)I @ 38
Event: 0.862 Thread 0x000000000226e000 Uncommon trap: reason=unstable_if action=reinterpret pc=0x0000000002a0cd08 method=java.lang.String.indexOf(II)I @ 49
Event: 1.790 Thread 0x0000000056387800 Uncommon trap: reason=null_check action=make_not_entrant pc=0x0000000002c1f9a0 method=com.android.dx.ssa.SsaRenamer.getLocalForNewReg(I)Lcom/android/dx/rop/code/LocalItem; @ 19
Event: 2.063 Thread 0x0000000056334000 Uncommon trap: reason=unstable_if action=reinterpret pc=0x0000000002c4e11c method=com.android.dx.rop.code.RegisterSpecSet.put(Lcom/android/dx/rop/code/RegisterSpec;)V @ 77
Event: 2.780 Thread 0x000000000226e000 Uncommon trap: reason=unstable_if action=reinterpret pc=0x0000000002cf70c4 method=com.android.dx.rop.cst.Constant.compareTo(Lcom/android/dx/rop/cst/Constant;)I @ 12
Event: 3.454 Thread 0x0000000056334000 Uncommon trap: reason=unstable_if action=reinterpret pc=0x0000000002c557ac method=com.android.dx.util.IntList.binarysearch(I)I @ 105

Internal exceptions (3 events):
Event: 0.218 Thread 0x000000000226e000 Exception <a 'java/lang/NoSuchMethodError': Method sun.misc.Unsafe.defineClass(Ljava/lang/String;[BII)Ljava/lang/Class; name or signature does not match> (0x00000000eab12f00) thrown at [C:\re\workspace\8-2-build-windows-amd64-cygwin\jdk8u51\3951\hotspot\srt	u˜øË?
Event: 0.219 Thread 0x000000000226e000 Exception <a 'java/lang/NoSuchMethodError': Method sun.misc.Unsafe.prefetchRead(Ljava/lang/Object;J)V name or signature does not match> (0x00000000eab13190) thrown at [C:\re\workspace\8-2-build-windows-amd64-cygwin\jdk8u51\3951\hotspot\src\share\vm\prims\jÅ²š×œ¥ü?
Event: 1.790 Thread 0x0000000056387800 Implicit null exception at 0x0000000002c1d49d to 0x0000000002c1f97d

Events (10 events):
Event: 3.714 Thread 0x0000000056388800 DEOPT PACKING pc=0x0000000002d6d790 sp=0x0000000056cbeb00
Event: 3.714 Thread 0x0000000056388800 DEOPT UNPACKING pc=0x00000000028f747f sp=0x0000000056cbe838 mode 0
Event: 3.723 Thread 0x0000000056388800 DEOPT PACKING pc=0x0000000002b58e59 sp=0x0000000056cbec10
Event: 3.723 Thread 0x0000000056388800 DEOPT UNPACKING pc=0x00000000028f747f sp=0x0000000056cbe928 mode 0
Event: 3.744 Thread 0x0000000056388800 DEOPT PACKING pc=0x0000000002beec61 sp=0x0000000056cbead0
Event: 3.744 Thread 0x0000000056388800 DEOPT UNPACKING pc=0x00000000028f747f sp=0x0000000056cbe888 mode 0
Event: 4.018 Thread 0x0000000056334000 DEOPT PACKING pc=0x0000000002ae2e61 sp=0x000000005682ea00
Event: 4.018 Thread 0x0000000056334000 DEOPT UNPACKING pc=0x00000000028f747f sp=0x000000005682e730 mode 0
Event: 4.505 Executing VM operation: EnableBiasedLocking
Event: 4.581 Executing VM operation: EnableBiasedLocking done


Dynamic libraries:
0x000000013f5c0000 - 0x000000013f5f7000 	C:\Program Files\Java\jdk1.8.0_51\bin\java.exe
0x0000000077220000 - 0x00000000773c9000 	C:\Windows\SYSTEM32\ntdll.dll
0x0000000077000000 - 0x000000007711f000 	C:\Windows\system32\kernel32.dll
0x000007fefd3c0000 - 0x000007fefd42b000 	C:\Windows\system32\KERNELBASE.dll
0x000007feff160000 - 0x000007feff23b000 	C:\Windows\system32\ADVAPI32.dll
0x000007fefd5f0000 - 0x000007fefd68f000 	C:\Windows\system32\msvcrt.dll
0x000007fefecd0000 - 0x000007fefecef000 	C:\Windows\SYSTEM32\sechost.dll
0x000007fefd690000 - 0x000007fefd7bd000 	C:\Windows\system32\RPCRT4.dll
0x0000000077120000 - 0x000000007721a000 	C:\Windows\system32\USER32.dll
0x000007fefd580000 - 0x000007fefd5e7000 	C:\Windows\system32\GDI32.dll
0x000007fefea20000 - 0x000007fefea2e000 	C:\Windows\system32\LPK.dll
0x000007fefead0000 - 0x000007fefeb99000 	C:\Windows\system32\USP10.dll
0x000007fefbf30000 - 0x000007fefc124000 	C:\Windows\WinSxS\amd64_microsoft.windows.common-controls_6595b64144ccf1df_6.0.7601.17514_none_fa396087175ac9ac\COMCTL32.dll
0x000007fefeeb0000 - 0x000007fefef21000 	C:\Windows\system32\SHLWAPI.dll
0x000007fefe9f0000 - 0x000007fefea1e000 	C:\Windows\system32\IMM32.DLL
0x000007feff240000 - 0x000007feff349000 	C:\Windows\system32\MSCTF.dll
0x0000000068320000 - 0x00000000683f2000 	C:\Program Files\Java\jdk1.8.0_51\jre\bin\msvcr100.dll
0x0000000061570000 - 0x0000000061df3000 	C:\Program Files\Java\jdk1.8.0_51\jre\bin\server\jvm.dll
0x000007fef9990000 - 0x000007fef9999000 	C:\Windows\system32\WSOCK32.dll
0x000007fefec80000 - 0x000007fefeccd000 	C:\Windows\system32\WS2_32.dll
0x000007fefd430000 - 0x000007fefd438000 	C:\Windows\system32\NSI.dll
0x000007fefa1c0000 - 0x000007fefa1fb000 	C:\Windows\system32\WINMM.dll
0x000007fefbeb0000 - 0x000007fefbebc000 	C:\Windows\system32\VERSION.dll
0x00000000773f0000 - 0x00000000773f7000 	C:\Windows\system32\PSAPI.DLL
0x0000000068ca0000 - 0x0000000068caf000 	C:\Program Files\Java\jdk1.8.0_51\jre\bin\verify.dll
0x0000000068ba0000 - 0x0000000068bc9000 	C:\Program Files\Java\jdk1.8.0_51\jre\bin\java.dll
0x00000000682c0000 - 0x00000000682d6000 	C:\Program Files\Java\jdk1.8.0_51\jre\bin\zip.dll
0x000007fefdc60000 - 0x000007fefe9e8000 	C:\Windows\system32\SHELL32.dll
0x000007fefd7c0000 - 0x000007fefd9c3000 	C:\Windows\system32\ole32.dll
0x000007fefd000000 - 0x000007fefd00f000 	C:\Windows\system32\profapi.dll
0x000007fef7eb0000 - 0x000007fef7fd5000 	C:\Windows\system32\dbghelp.dll

VM Arguments:
jvm_args: -Djava.awt.headless=true -Xmx1024M -Dfile.encoding=windows-1251 -Duser.country=RU -Duser.language=ru -Duser.variant 
java_command: com.android.dx.command.Main --dex --force-jumbo --num-threads=4 --output C:\Users\user\AndroidStudioProjects\Talents\app\build\intermediates\pre-dexed\debug\com.android.support-appcompat-v7-23.4.0_e04d4ee4e0825a22f5e0f4874345bcc9784b09ab.jar C:\Users\user\AndroidStudioProjects\Talents\app\build\intermediates\exploded-aar\com.android.support\appcompat-v7\23.4.0\jars\classes.jar
java_class_path (initial): C:\Users\user\AppData\Local\Android\sdk\build-tools\24.0.0\lib\dx.jar
Launcher Type: SUN_STANDARD

Environment Variables:
PATH=C:\ProgramData\Oracle\Java\javapath;C:\Program Files\Java\jdk1.8.0_101\bin;C:\Program Files (x86)\Intel\OpenCL SDK\2.0\bin\x86;C:\Program Files (x86)\Intel\OpenCL SDK\2.0\bin\x64;C:\Users\Public\Documents\RAD Studio\7.0\Bpl
USERNAME=user
OS=Windows_NT
PROCESSOR_IDENTIFIER=Intel64 Family 6 Model 42 Stepping 7, GenuineIntel



---------------  S Y S T E M  ---------------

OS: Windows 7 , 64 bit Build 7601 (6.1.7601.18229)

CPU:total 2 (2 cores per cpu, 1 threads per core) family 6 model 42 stepping 7, cmov, cx8, fxsr, mmx, sse, sse2, sse3, ssse3, sse4.1, sse4.2, popcnt, clmul, tsc, tscinvbit

Memory: 4k page, physical 4026736k(115792k free), swap 6072872k(11884k free)

vm_info: Java HotSpot(TM) 64-Bit Server VM (25.51-b03) for windows-amd64 JRE (1.8.0_51-b16), built on Jun  8 2015 18:03:07 by "java_re" with MS VC++ 10.0 (VS2010)

time: Sun Feb 12 19:16:51 2017
elapsed time: 7 seconds (0d 0h 0m 7s)

