#
# There is insufficient memory for the Java Runtime Environment to continue.
# Native memory allocation (malloc) failed to allocate 617936 bytes for Chunk::new
# Possible reasons:
#   The system is out of physical RAM or swap space
#   In 32 bit mode, the process size limit was hit
# Possible solutions:
#   Reduce memory load on the system
#   Increase physical memory or swap space
#   Check if swap backing store is full
#   Use 64 bit Java on a 64 bit OS
#   Decrease Java heap size (-Xmx/-Xms)
#   Decrease number of Java threads
#   Decrease Java thread stack sizes (-Xss)
#   Set larger code cache with -XX:ReservedCodeCacheSize=
# This output file may be truncated or incomplete.
#
#  Out of Memory Error (allocation.cpp:390), pid=3328, tid=5816
#
# JRE version: Java(TM) SE Runtime Environment (8.0_51-b16) (build 1.8.0_51-b16)
# Java VM: Java HotSpot(TM) 64-Bit Server VM (25.51-b03 mixed mode windows-amd64 compressed oops)
# Failed to write core dump. Minidumps are not enabled by default on client versions of Windows
#

---------------  T H R E A D  ---------------

Current thread (0x0000000054e98000):  JavaThread "C2 CompilerThread0" daemon [_thread_in_native, id=5816, stack(0x0000000055f60000,0x0000000056060000)]

Stack: [0x0000000055f60000,0x0000000056060000]
Native frames: (J=compiled Java code, j=interpreted, Vv=VM code, C=native code)
V  [jvm.dll+0x32b4ca]
V  [jvm.dll+0x2797e3]
V  [jvm.dll+0x27a479]
V  [jvm.dll+0x271765]
V  [jvm.dll+0xcba02]
V  [jvm.dll+0xcbecc]
V  [jvm.dll+0x492a7c]
V  [jvm.dll+0x45f4da]
V  [jvm.dll+0x46a7cb]
V  [jvm.dll+0x46cde2]
V  [jvm.dll+0x4501a2]
V  [jvm.dll+0xa43a2]
V  [jvm.dll+0xa4cdf]
V  [jvm.dll+0x2418a4]
V  [jvm.dll+0x29846a]
C  [msvcr100.dll+0x21d9f]
C  [msvcr100.dll+0x21e3b]
C  [kernel32.dll+0x1652d]
C  [ntdll.dll+0x2c541]


Current CompileTask:
C2:  23322 1993   !   4       com.android.dx.cf.code.RopperMachine::run (1550 bytes)


---------------  P R O C E S S  ---------------

Java Threads: ( => current thread )
  0x00000000566e0800 JavaThread "pool-1-thread-2" [_thread_in_Java, id=5408, stack(0x0000000056ce0000,0x0000000056de0000)]
  0x000000005670c000 JavaThread "pool-2-thread-1" [_thread_blocked, id=6108, stack(0x0000000056af0000,0x0000000056bf0000)]
  0x0000000054ea1000 JavaThread "Service Thread" daemon [_thread_blocked, id=5724, stack(0x00000000561b0000,0x00000000562b0000)]
  0x0000000054e9c800 JavaThread "C1 CompilerThread1" daemon [_thread_blocked, id=2572, stack(0x00000000560b0000,0x00000000561b0000)]
=>0x0000000054e98000 JavaThread "C2 CompilerThread0" daemon [_thread_in_native, id=5816, stack(0x0000000055f60000,0x0000000056060000)]
  0x0000000054e96800 JavaThread "Attach Listener" daemon [_thread_blocked, id=5692, stack(0x0000000055b00000,0x0000000055c00000)]
  0x0000000054e95800 JavaThread "Signal Dispatcher" daemon [_thread_blocked, id=5776, stack(0x0000000055db0000,0x0000000055eb0000)]
  0x0000000054e3c000 JavaThread "Finalizer" daemon [_thread_blocked, id=4968, stack(0x0000000055c30000,0x0000000055d30000)]
  0x0000000054e32800 JavaThread "Reference Handler" daemon [_thread_blocked, id=3092, stack(0x00000000559c0000,0x0000000055ac0000)]
  0x000000000217e000 JavaThread "main" [_thread_blocked, id=2908, stack(0x0000000002540000,0x0000000002640000)]

Other Threads:
  0x0000000054e2d000 VMThread [stack: 0x00000000557a0000,0x00000000558a0000] [id=3520]
  0x0000000054ea2800 WatcherThread [stack: 0x0000000056320000,0x0000000056420000] [id=5660]

VM state:synchronizing (normal execution)

VM Mutex/Monitor currently owned by a thread:  ([mutex/lock_event])
[0x000000000217c1c0] Safepoint_lock - owner thread: 0x0000000054e2d000
[0x000000000217c240] Threads_lock - owner thread: 0x0000000054e2d000

Heap:
 PSYoungGen      total 141312K, used 58105K [0x00000000eab00000, 0x00000000f4800000, 0x0000000100000000)
  eden space 124416K, 46% used [0x00000000eab00000,0x00000000ee3be5c8,0x00000000f2480000)
  from space 16896K, 0% used [0x00000000f2480000,0x00000000f2480000,0x00000000f3500000)
  to   space 14336K, 0% used [0x00000000f3500000,0x00000000f3500000,0x00000000f4300000)
 ParOldGen       total 42496K, used 42482K [0x00000000c0000000, 0x00000000c2980000, 0x00000000eab00000)
  object space 42496K, 99% used [0x00000000c0000000,0x00000000c297c998,0x00000000c2980000)
 Metaspace       used 6512K, capacity 7256K, committed 7424K, reserved 1056768K
  class space    used 618K, capacity 656K, committed 768K, reserved 1048576K

Card table byte_map: [0x0000000011cd0000,0x0000000011ee0000] byte_map_base: 0x00000000116d0000

Marking Bits: (ParMarkBitMap*) 0x0000000061d74040
 Begin Bits: [0x0000000012300000, 0x0000000013300000)
 End Bits:   [0x0000000013300000, 0x0000000014300000)

Polling page: 0x0000000000240000

CodeCache: size=245760Kb used=9801Kb max_used=9801Kb free=235958Kb
 bounds [0x0000000002910000, 0x00000000032b0000, 0x0000000011910000]
 total_blobs=2409 nmethods=2140 adapters=182
 compilation: enabled

Compilation events (10 events):
Event: 18.895 Thread 0x0000000054e9c800 2185 %     3       java.util.HashMap$HashIterator::nextNode @ 68 (100 bytes)
Event: 18.895 Thread 0x0000000054e9c800 nmethod 2185% 0x0000000003237fd0 code [0x0000000003238180, 0x00000000032386b8]
Event: 18.895 Thread 0x0000000054e9c800 2188       2       java.util.HashMap$TreeNode::find (172 bytes)
Event: 18.896 Thread 0x0000000054e9c800 nmethod 2188 0x0000000003237710 code [0x00000000032378c0, 0x0000000003237cf8]
Event: 18.896 Thread 0x0000000054e9c800 2182       2       com.android.dx.rop.code.Rops::opIfGe (13 bytes)
Event: 18.897 Thread 0x0000000054e9c800 nmethod 2182 0x0000000003237390 code [0x0000000003237500, 0x0000000003237688]
Event: 20.625 Thread 0x0000000054e98000 nmethod 2173 0x0000000003276e50 code [0x0000000003277440, 0x000000000327f4b0]
Event: 20.626 Thread 0x0000000054e98000 1995 %     4       com.android.dx.ssa.SsaConverter::placePhiFunctions @ 131 (394 bytes)
Event: 20.936 Thread 0x0000000054e98000 nmethod 1995% 0x0000000003288e50 code [0x00000000032892c0, 0x000000000328d548]
Event: 20.936 Thread 0x0000000054e98000 1993   !   4       com.android.dx.cf.code.RopperMachine::run (1550 bytes)

GC Heap History (10 events):
Event: 6.091 GC heap before
{Heap before GC invocations=4 (full 0):
 PSYoungGen      total 34304K, used 34299K [0x00000000eab00000, 0x00000000eee00000, 0x0000000100000000)
  eden space 31744K, 100% used [0x00000000eab00000,0x00000000eca00000,0x00000000eca00000)
  from space 2560K, 99% used [0x00000000eca00000,0x00000000ecc7ef60,0x00000000ecc80000)
  to   space 2560K, 0% used [0x00000000eeb80000,0x00000000eeb80000,0x00000000eee00000)
 ParOldGen       total 42496K, used 6446K [0x00000000c0000000, 0x00000000c2980000, 0x00000000eab00000)
  object space 42496K, 15% used [0x00000000c0000000,0x00000000c064b868,0x00000000c2980000)
 Metaspace       used 6203K, capacity 7088K, committed 7296K, reserved 1056768K
  class space    used 594K, capacity 616K, committed 640K, reserved 1048576K
Event: 6.112 GC heap after
Heap after GC invocations=4 (full 0):
 PSYoungGen      total 66048K, used 2529K [0x00000000eab00000, 0x00000000eee00000, 0x0000000100000000)
  eden space 63488K, 0% used [0x00000000eab00000,0x00000000eab00000,0x00000000ee900000)
  from space 2560K, 98% used [0x00000000eeb80000,0x00000000eedf85c0,0x00000000eee00000)
  to   space 2560K, 0% used [0x00000000ee900000,0x00000000ee900000,0x00000000eeb80000)
 ParOldGen       total 42496K, used 10910K [0x00000000c0000000, 0x00000000c2980000, 0x00000000eab00000)
  object space 42496K, 25% used [0x00000000c0000000,0x00000000c0aa7a88,0x00000000c2980000)
 Metaspace       used 6203K, capacity 7088K, committed 7296K, reserved 1056768K
  class space    used 594K, capacity 616K, committed 640K, reserved 1048576K
}
Event: 9.827 GC heap before
{Heap before GC invocations=5 (full 0):
 PSYoungGen      total 66048K, used 66017K [0x00000000eab00000, 0x00000000eee00000, 0x0000000100000000)
  eden space 63488K, 100% used [0x00000000eab00000,0x00000000ee900000,0x00000000ee900000)
  from space 2560K, 98% used [0x00000000eeb80000,0x00000000eedf85c0,0x00000000eee00000)
  to   space 2560K, 0% used [0x00000000ee900000,0x00000000ee900000,0x00000000eeb80000)
 ParOldGen       total 42496K, used 10910K [0x00000000c0000000, 0x00000000c2980000, 0x00000000eab00000)
  object space 42496K, 25% used [0x00000000c0000000,0x00000000c0aa7a88,0x00000000c2980000)
 Metaspace       used 6286K, capacity 7152K, committed 7296K, reserved 1056768K
  class space    used 595K, capacity 616K, committed 640K, reserved 1048576K
Event: 9.865 GC heap after
Heap after GC invocations=5 (full 0):
 PSYoungGen      total 66048K, used 2545K [0x00000000eab00000, 0x00000000f4300000, 0x0000000100000000)
  eden space 63488K, 0% used [0x00000000eab00000,0x00000000eab00000,0x00000000ee900000)
  from space 2560K, 99% used [0x00000000ee900000,0x00000000eeb7c5d0,0x00000000eeb80000)
  to   space 14336K, 0% used [0x00000000f3500000,0x00000000f3500000,0x00000000f4300000)
 ParOldGen       total 42496K, used 21330K [0x00000000c0000000, 0x00000000c2980000, 0x00000000eab00000)
  object space 42496K, 50% used [0x00000000c0000000,0x00000000c14d4858,0x00000000c2980000)
 Metaspace       used 6286K, capacity 7152K, committed 7296K, reserved 1056768K
  class space    used 595K, capacity 616K, committed 640K, reserved 1048576K
}
Event: 14.360 GC heap before
{Heap before GC invocations=6 (full 0):
 PSYoungGen      total 66048K, used 66033K [0x00000000eab00000, 0x00000000f4300000, 0x0000000100000000)
  eden space 63488K, 100% used [0x00000000eab00000,0x00000000ee900000,0x00000000ee900000)
  from space 2560K, 99% used [0x00000000ee900000,0x00000000eeb7c5d0,0x00000000eeb80000)
  to   space 14336K, 0% used [0x00000000f3500000,0x00000000f3500000,0x00000000f4300000)
 ParOldGen       total 42496K, used 21330K [0x00000000c0000000, 0x00000000c2980000, 0x00000000eab00000)
  object space 42496K, 50% used [0x00000000c0000000,0x00000000c14d4858,0x00000000c2980000)
 Metaspace       used 6359K, capacity 7152K, committed 7296K, reserved 1056768K
  class space    used 596K, capacity 616K, committed 640K, reserved 1048576K
Event: 14.414 GC heap after
Heap after GC invocations=6 (full 0):
 PSYoungGen      total 138752K, used 12913K [0x00000000eab00000, 0x00000000f4800000, 0x0000000100000000)
  eden space 124416K, 0% used [0x00000000eab00000,0x00000000eab00000,0x00000000f2480000)
  from space 14336K, 90% used [0x00000000f3500000,0x00000000f419c5e0,0x00000000f4300000)
  to   space 16896K, 0% used [0x00000000f2480000,0x00000000f2480000,0x00000000f3500000)
 ParOldGen       total 42496K, used 21330K [0x00000000c0000000, 0x00000000c2980000, 0x00000000eab00000)
  object space 42496K, 50% used [0x00000000c0000000,0x00000000c14d4858,0x00000000c2980000)
 Metaspace       used 6359K, capacity 7152K, committed 7296K, reserved 1056768K
  class space    used 596K, capacity 616K, committed 640K, reserved 1048576K
}
Event: 16.405 GC heap before
{Heap before GC invocations=7 (full 0):
 PSYoungGen      total 138752K, used 137329K [0x00000000eab00000, 0x00000000f4800000, 0x0000000100000000)
  eden space 124416K, 100% used [0x00000000eab00000,0x00000000f2480000,0x00000000f2480000)
  from space 14336K, 90% used [0x00000000f3500000,0x00000000f419c5e0,0x00000000f4300000)
  to   space 16896K, 0% used [0x00000000f2480000,0x00000000f2480000,0x00000000f3500000)
 ParOldGen       total 42496K, used 21330K [0x00000000c0000000, 0x00000000c2980000, 0x00000000eab00000)
  object space 42496K, 50% used [0x00000000c0000000,0x00000000c14d4858,0x00000000c2980000)
 Metaspace       used 6490K, capacity 7256K, committed 7424K, reserved 1056768K
  class space    used 616K, capacity 656K, committed 768K, reserved 1048576K
Event: 16.578 GC heap after
Heap after GC invocations=7 (full 0):
 PSYoungGen      total 141312K, used 16872K [0x00000000eab00000, 0x00000000f4800000, 0x0000000100000000)
  eden space 124416K, 0% used [0x00000000eab00000,0x00000000eab00000,0x00000000f2480000)
  from space 16896K, 99% used [0x00000000f2480000,0x00000000f34fa308,0x00000000f3500000)
  to   space 14336K, 0% used [0x00000000f3500000,0x00000000f3500000,0x00000000f4300000)
 ParOldGen       total 42496K, used 36216K [0x00000000c0000000, 0x00000000c2980000, 0x00000000eab00000)
  object space 42496K, 85% used [0x00000000c0000000,0x00000000c235e1a8,0x00000000c2980000)
 Metaspace       used 6490K, capacity 7256K, committed 7424K, reserved 1056768K
  class space    used 616K, capacity 656K, committed 768K, reserved 1048576K
}
Event: 16.578 GC heap before
{Heap before GC invocations=8 (full 1):
 PSYoungGen      total 141312K, used 16872K [0x00000000eab00000, 0x00000000f4800000, 0x0000000100000000)
  eden space 124416K, 0% used [0x00000000eab00000,0x00000000eab00000,0x00000000f2480000)
  from space 16896K, 99% used [0x00000000f2480000,0x00000000f34fa308,0x00000000f3500000)
  to   space 14336K, 0% used [0x00000000f3500000,0x00000000f3500000,0x00000000f4300000)
 ParOldGen       total 42496K, used 36216K [0x00000000c0000000, 0x00000000c2980000, 0x00000000eab00000)
  object space 42496K, 85% used [0x00000000c0000000,0x00000000c235e1a8,0x00000000c2980000)
 Metaspace       used 6490K, capacity 7256K, committed 7424K, reserved 1056768K
  class space    used 616K, capacity 656K, committed 768K, reserved 1048576K
Event: 18.060 GC heap after
Heap after GC invocations=8 (full 1):
 PSYoungGen      total 141312K, used 8151K [0x00000000eab00000, 0x00000000f4800000, 0x0000000100000000)
  eden space 124416K, 0% used [0x00000000eab00000,0x00000000eab00000,0x00000000f2480000)
  from space 16896K, 48% used [0x00000000f2480000,0x00000000f2c75ff8,0x00000000f3500000)
  to   space 14336K, 0% used [0x00000000f3500000,0x00000000f3500000,0x00000000f4300000)
 ParOldGen       total 42496K, used 42238K [0x00000000c0000000, 0x00000000c2980000, 0x00000000eab00000)
  object space 42496K, 99% used [0x00000000c0000000,0x00000000c293faf0,0x00000000c2980000)
 Metaspace       used 6490K, capacity 7256K, committed 7424K, reserved 1056768K
  class space    used 616K, capacity 656K, committed 768K, reserved 1048576K
}

Deoptimization events (10 events):
Event: 15.582 Thread 0x00000000566e6800 Uncommon trap: reason=unstable_if action=reinterpret pc=0x0000000002d21610 method=java.util.HashMap.putVal(ILjava/lang/Object;Ljava/lang/Object;ZZ)Ljava/lang/Object; @ 162
Event: 15.712 Thread 0x00000000566e6800 Uncommon trap: reason=unstable_if action=reinterpret pc=0x0000000002fb3b70 method=java.util.HashMap.getNode(ILjava/lang/Object;)Ljava/util/HashMap$Node; @ 84
Event: 15.751 Thread 0x00000000566e6800 Uncommon trap: reason=unstable_if action=reinterpret pc=0x00000000030dd954 method=java.util.HashMap.getNode(ILjava/lang/Object;)Ljava/util/HashMap$Node; @ 84
Event: 15.795 Thread 0x000000000217e000 Uncommon trap: reason=unstable_if action=reinterpret pc=0x0000000002e9a470 method=com.android.dx.ssa.MoveParamCombiner$1.visitNonMoveInsn(Lcom/android/dx/ssa/NormalSsaInsn;)V @ 27
Event: 15.917 Thread 0x00000000566e0800 Uncommon trap: reason=bimorphic action=maybe_recompile pc=0x0000000002fd1698 method=com.android.dx.ssa.LiteralOpUpgrader.tryReplacingWithConstant(Lcom/android/dx/ssa/NormalSsaInsn;)Z @ 62
Event: 15.920 Thread 0x00000000566e0800 Uncommon trap: reason=bimorphic action=maybe_recompile pc=0x0000000002fd1698 method=com.android.dx.ssa.LiteralOpUpgrader.tryReplacingWithConstant(Lcom/android/dx/ssa/NormalSsaInsn;)Z @ 62
Event: 16.178 Thread 0x00000000566e0800 Uncommon trap: reason=unstable_if action=reinterpret pc=0x00000000031ba084 method=java.util.HashMap.putVal(ILjava/lang/Object;Ljava/lang/Object;ZZ)Ljava/lang/Object; @ 109
Event: 16.256 Thread 0x00000000566e1800 Uncommon trap: reason=null_check action=make_not_entrant pc=0x0000000003223088 method=com.android.dx.cf.code.Ropper$CatchInfo.getSetup(Lcom/android/dx/rop/type/Type;)Lcom/android/dx/cf/code/Ropper$ExceptionHandlerSetup; @ 10
Event: 18.802 Thread 0x0000000056708000 Uncommon trap: reason=bimorphic action=maybe_recompile pc=0x0000000003191870 method=java.util.HashMap.putVal(ILjava/lang/Object;Ljava/lang/Object;ZZ)Ljava/lang/Object; @ 203
Event: 18.873 Thread 0x0000000056708000 Uncommon trap: reason=unstable_if action=reinterpret pc=0x0000000003246180 method=com.android.dx.cf.code.BytecodeArray.parseInstruction(ILcom/android/dx/cf/code/BytecodeArray$Visitor;)I @ 1261

Internal exceptions (8 events):
Event: 0.113 Thread 0x000000000217e000 Exception <a 'java/lang/NoSuchMethodError': Method sun.misc.Unsafe.defineClass(Ljava/lang/String;[BII)Ljava/lang/Class; name or signature does not match> (0x00000000eab12f00) thrown at [C:\re\workspace\8-2-build-windows-amd64-cygwin\jdk8u51\3951\hotspot\srP+”Øní¼?
Event: 0.113 Thread 0x000000000217e000 Exception <a 'java/lang/NoSuchMethodError': Method sun.misc.Unsafe.prefetchRead(Ljava/lang/Object;J)V name or signature does not match> (0x00000000eab13190) thrown at [C:\re\workspace\8-2-build-windows-amd64-cygwin\jdk8u51\3951\hotspot\src\share\vm\prims\jcöþ6âC@
Event: 5.066 Thread 0x00000000566e6800 Implicit null exception at 0x0000000002cff2d2 to 0x0000000002cff3d1
Event: 14.466 Thread 0x00000000566e0800 Implicit null exception at 0x0000000002e7a147 to 0x0000000002e7b899
Event: 15.685 Thread 0x00000000566e6800 Exception <a 'java/lang/ArrayIndexOutOfBoundsException': 18> (0x00000000ee460368) thrown at [C:\re\workspace\8-2-build-windows-amd64-cygwin\jdk8u51\3951\hotspot\src\share\vm\interpreter\interpreterRuntime.cpp, line 366]
Event: 15.687 Thread 0x00000000566e6800 Exception <a 'java/lang/ArrayIndexOutOfBoundsException'> (0x00000000ee461e38) thrown at [C:\re\workspace\8-2-build-windows-amd64-cygwin\jdk8u51\3951\hotspot\src\share\vm\runtime\sharedRuntime.cpp, line 605]
Event: 15.707 Thread 0x00000000566e6800 Exception <a 'java/lang/ArrayIndexOutOfBoundsException'> (0x00000000ee463070) thrown at [C:\re\workspace\8-2-build-windows-amd64-cygwin\jdk8u51\3951\hotspot\src\share\vm\runtime\sharedRuntime.cpp, line 605]
Event: 16.256 Thread 0x00000000566e1800 Implicit null exception at 0x000000000321ebe8 to 0x0000000003223041

Events (10 events):
Event: 18.781 Thread 0x0000000056708000 DEOPT PACKING pc=0x0000000002dc18d9 sp=0x0000000056abeb40
Event: 18.781 Thread 0x0000000056708000 DEOPT UNPACKING pc=0x000000000295747f sp=0x0000000056abe8d0 mode 0
Event: 18.802 Thread 0x0000000056708000 Uncommon trap: trap_request=0xffffffc6 fr.pc=0x0000000003191870
Event: 18.802 Thread 0x0000000056708000 DEOPT PACKING pc=0x0000000003191870 sp=0x0000000056abe9e0
Event: 18.802 Thread 0x0000000056708000 DEOPT UNPACKING pc=0x000000000295582a sp=0x0000000056abe898 mode 2
Event: 18.819 Thread 0x0000000056708000 DEOPT PACKING pc=0x0000000002dc18d9 sp=0x0000000056abeb40
Event: 18.819 Thread 0x0000000056708000 DEOPT UNPACKING pc=0x000000000295747f sp=0x0000000056abe8d0 mode 0
Event: 18.873 Thread 0x0000000056708000 Uncommon trap: trap_request=0xffffff65 fr.pc=0x0000000003246180
Event: 18.873 Thread 0x0000000056708000 DEOPT PACKING pc=0x0000000003246180 sp=0x0000000056abeab0
Event: 18.873 Thread 0x0000000056708000 DEOPT UNPACKING pc=0x000000000295582a sp=0x0000000056abea98 mode 2


Dynamic libraries:
0x000000013f5c0000 - 0x000000013f5f7000 	C:\Program Files\Java\jdk1.8.0_51\bin\java.exe
0x0000000077220000 - 0x00000000773c9000 	C:\Windows\SYSTEM32\ntdll.dll
0x0000000077000000 - 0x000000007711f000 	C:\Windows\system32\kernel32.dll
0x000007fefd3c0000 - 0x000007fefd42b000 	C:\Windows\system32\KERNELBASE.dll
0x000007feff160000 - 0x000007feff23b000 	C:\Windows\system32\ADVAPI32.dll
0x000007fefd5f0000 - 0x000007fefd68f000 	C:\Windows\system32\msvcrt.dll
0x000007fefecd0000 - 0x000007fefecef000 	C:\Windows\SYSTEM32\sechost.dll
0x000007fefd690000 - 0x000007fefd7bd000 	C:\Windows\system32\RPCRT4.dll
0x0000000077120000 - 0x000000007721a000 	C:\Windows\system32\USER32.dll
0x000007fefd580000 - 0x000007fefd5e7000 	C:\Windows\system32\GDI32.dll
0x000007fefea20000 - 0x000007fefea2e000 	C:\Windows\system32\LPK.dll
0x000007fefead0000 - 0x000007fefeb99000 	C:\Windows\system32\USP10.dll
0x000007fefbf30000 - 0x000007fefc124000 	C:\Windows\WinSxS\amd64_microsoft.windows.common-controls_6595b64144ccf1df_6.0.7601.17514_none_fa396087175ac9ac\COMCTL32.dll
0x000007fefeeb0000 - 0x000007fefef21000 	C:\Windows\system32\SHLWAPI.dll
0x000007fefe9f0000 - 0x000007fefea1e000 	C:\Windows\system32\IMM32.DLL
0x000007feff240000 - 0x000007feff349000 	C:\Windows\system32\MSCTF.dll
0x0000000068320000 - 0x00000000683f2000 	C:\Program Files\Java\jdk1.8.0_51\jre\bin\msvcr100.dll
0x0000000061570000 - 0x0000000061df3000 	C:\Program Files\Java\jdk1.8.0_51\jre\bin\server\jvm.dll
0x000007fef9990000 - 0x000007fef9999000 	C:\Windows\system32\WSOCK32.dll
0x000007fefec80000 - 0x000007fefeccd000 	C:\Windows\system32\WS2_32.dll
0x000007fefd430000 - 0x000007fefd438000 	C:\Windows\system32\NSI.dll
0x000007fefa1c0000 - 0x000007fefa1fb000 	C:\Windows\system32\WINMM.dll
0x000007fefbeb0000 - 0x000007fefbebc000 	C:\Windows\system32\VERSION.dll
0x00000000773f0000 - 0x00000000773f7000 	C:\Windows\system32\PSAPI.DLL
0x0000000068ca0000 - 0x0000000068caf000 	C:\Program Files\Java\jdk1.8.0_51\jre\bin\verify.dll
0x0000000068ba0000 - 0x0000000068bc9000 	C:\Program Files\Java\jdk1.8.0_51\jre\bin\java.dll
0x00000000682c0000 - 0x00000000682d6000 	C:\Program Files\Java\jdk1.8.0_51\jre\bin\zip.dll
0x000007fefdc60000 - 0x000007fefe9e8000 	C:\Windows\system32\SHELL32.dll
0x000007fefd7c0000 - 0x000007fefd9c3000 	C:\Windows\system32\ole32.dll
0x000007fefd000000 - 0x000007fefd00f000 	C:\Windows\system32\profapi.dll
0x000007fef7eb0000 - 0x000007fef7fd5000 	C:\Windows\system32\dbghelp.dll

VM Arguments:
jvm_args: -Djava.awt.headless=true -Xmx1024M -Dfile.encoding=windows-1251 -Duser.country=RU -Duser.language=ru -Duser.variant 
java_command: com.android.dx.command.Main --dex --force-jumbo --num-threads=4 --output C:\Users\user\AndroidStudioProjects\Talents\app\build\intermediates\pre-dexed\debug\com.android.support-support-v4-23.4.0_80f6fd3626367c3ad75a14daddd15e12ef00d06e.jar C:\Users\user\AndroidStudioProjects\Talents\app\build\intermediates\exploded-aar\com.android.support\support-v4\23.4.0\jars\classes.jar
java_class_path (initial): C:\Users\user\AppData\Local\Android\sdk\build-tools\24.0.0\lib\dx.jar
Launcher Type: SUN_STANDARD

Environment Variables:
PATH=C:\ProgramData\Oracle\Java\javapath;C:\Program Files\Java\jdk1.8.0_101\bin;C:\Program Files (x86)\Intel\OpenCL SDK\2.0\bin\x86;C:\Program Files (x86)\Intel\OpenCL SDK\2.0\bin\x64;C:\Users\Public\Documents\RAD Studio\7.0\Bpl
USERNAME=user
OS=Windows_NT
PROCESSOR_IDENTIFIER=Intel64 Family 6 Model 42 Stepping 7, GenuineIntel



---------------  S Y S T E M  ---------------

OS: Windows 7 , 64 bit Build 7601 (6.1.7601.18229)

CPU:total 2 (2 cores per cpu, 1 threads per core) family 6 model 42 stepping 7, cmov, cx8, fxsr, mmx, sse, sse2, sse3, ssse3, sse4.1, sse4.2, popcnt, clmul, tsc, tscinvbit

Memory: 4k page, physical 4026736k(115756k free), swap 6072872k(11072k free)

vm_info: Java HotSpot(TM) 64-Bit Server VM (25.51-b03) for windows-amd64 JRE (1.8.0_51-b16), built on Jun  8 2015 18:03:07 by "java_re" with MS VC++ 10.0 (VS2010)

time: Sun Feb 12 19:16:51 2017
elapsed time: 23 seconds (0d 0h 0m 23s)

